
**** Build of configuration Debug for project Assignment1 ****

/home/mads/ti/ccs1260/ccs/utils/bin/gmake -k -j 20 all -O 
 
Building file: "../main.c"
Invoking: Arm Compiler
"/home/mads/ti/ccs1260/ccs/tools/compiler/ti-cgt-arm_20.2.7.LTS/bin/armcl" -mv7M4 --code_state=16 --float_support=FPv4SPD16 -me --include_path="/home/mads/Documents/4.semester/indlejretProgrammering/Assignment1" --include_path="/home/mads/ti/ccs1260/ccs/tools/compiler/ti-cgt-arm_20.2.7.LTS/include" --define=ccs="ccs" --define=PART_TM4C123GH6PM -g --gcc --diag_warning=225 --diag_wrap=off --display_error_number --abi=eabi --preproc_with_compile --preproc_dependency="main.d_raw"  "../main.c"
 
>> Compilation failure
subdir_rules.mk:7: recipe for target 'main.obj' failed
"../main.c", line 10: error #20: identifier "SYSCTL_RCGC2_R" is undefined
"../main.c", line 10: error #20: identifier "SYSCTL_RCGC2_GPIOF" is undefined
"../main.c", line 14: error #20: identifier "GPIO_PORTF_DIR_R" is undefined
"../main.c", line 16: error #20: identifier "GPIO_PORTF_DEN_R" is undefined
"../main.c", line 18: error #20: identifier "GPIO_PORTF_PUR_R" is undefined
"../main.c", line 21: error #20: identifier "GPIO_PORTF_DATA_R" is undefined
"../main.c", line 26: warning #112-D: statement is unreachable
"../main.c", line 8: warning #552-D: variable "dummy" was set but never used
6 errors detected in the compilation of "../main.c".
gmake: *** [main.obj] Error 1
Building file: "../tm4c123gh6pm_startup_ccs.c"
Invoking: Arm Compiler
"/home/mads/ti/ccs1260/ccs/tools/compiler/ti-cgt-arm_20.2.7.LTS/bin/armcl" -mv7M4 --code_state=16 --float_support=FPv4SPD16 -me --include_path="/home/mads/Documents/4.semester/indlejretProgrammering/Assignment1" --include_path="/home/mads/ti/ccs1260/ccs/tools/compiler/ti-cgt-arm_20.2.7.LTS/include" --define=ccs="ccs" --define=PART_TM4C123GH6PM -g --gcc --diag_warning=225 --diag_wrap=off --display_error_number --abi=eabi --preproc_with_compile --preproc_dependency="tm4c123gh6pm_startup_ccs.d_raw"  "../tm4c123gh6pm_startup_ccs.c"
Finished building: "../tm4c123gh6pm_startup_ccs.c"
 
gmake: Target 'all' not remade because of errors.

**** Build Finished ****

**** Build of configuration Debug for project Assignment1 ****

/home/mads/ti/ccs1260/ccs/utils/bin/gmake -k -j 20 all -O 
 
Building file: "../main.c"
Invoking: Arm Compiler
"/home/mads/ti/ccs1260/ccs/tools/compiler/ti-cgt-arm_20.2.7.LTS/bin/armcl" -mv7M4 --code_state=16 --float_support=FPv4SPD16 -me --include_path="/home/mads/Documents/4.semester/indlejretProgrammering/Assignment1" --include_path="/home/mads/ti/ccs1260/ccs/tools/compiler/ti-cgt-arm_20.2.7.LTS/include" --define=ccs="ccs" --define=PART_TM4C123GH6PM -g --gcc --diag_warning=225 --diag_wrap=off --display_error_number --abi=eabi --preproc_with_compile --preproc_dependency="main.d_raw"  "../main.c"
 
>> Compilation failure
subdir_rules.mk:7: recipe for target 'main.obj' failed
"../main.c", line 10: error #20: identifier "SYSCTL_RCGC2_R" is undefined
"../main.c", line 10: error #20: identifier "SYSCTL_RCGC2_GPIOF" is undefined
"../main.c", line 14: error #20: identifier "GPIO_PORTF_DIR_R" is undefined
"../main.c", line 16: error #20: identifier "GPIO_PORTF_DEN_R" is undefined
"../main.c", line 18: error #20: identifier "GPIO_PORTF_PUR_R" is undefined
"../main.c", line 21: error #20: identifier "GPIO_PORTF_DATA_R" is undefined
"../main.c", line 26: warning #112-D: statement is unreachable
"../main.c", line 8: warning #552-D: variable "dummy" was set but never used
6 errors detected in the compilation of "../main.c".
gmake: *** [main.obj] Error 1
gmake: Target 'all' not remade because of errors.

**** Build Finished ****

**** Build of configuration Debug for project Assignment1 ****

/home/mads/ti/ccs1260/ccs/utils/bin/gmake -k -j 20 all -O 
 
Building file: "../main.c"
Invoking: Arm Compiler
"/home/mads/ti/ccs1260/ccs/tools/compiler/ti-cgt-arm_20.2.7.LTS/bin/armcl" -mv7M4 --code_state=16 --float_support=FPv4SPD16 -me --include_path="/home/mads/Documents/4.semester/indlejretProgrammering/Assignment1" --include_path="/home/mads/ti/ccs1260/ccs/tools/compiler/ti-cgt-arm_20.2.7.LTS/include" --define=ccs="ccs" --define=PART_TM4C123GH6PM -g --gcc --diag_warning=225 --diag_wrap=off --display_error_number --abi=eabi --preproc_with_compile --preproc_dependency="main.d_raw"  "../main.c"
"../main.c", line 27: warning #112-D: statement is unreachable
"../main.c", line 9: warning #552-D: variable "dummy" was set but never used
Finished building: "../main.c"
 
Building target: "Assignment1.out"
Invoking: Arm Linker
"/home/mads/ti/ccs1260/ccs/tools/compiler/ti-cgt-arm_20.2.7.LTS/bin/armcl" -mv7M4 --code_state=16 --float_support=FPv4SPD16 -me --define=ccs="ccs" --define=PART_TM4C123GH6PM -g --gcc --diag_warning=225 --diag_wrap=off --display_error_number --abi=eabi -z -m"Assignment1.map" --heap_size=0 --stack_size=512 -i"/home/mads/ti/ccs1260/ccs/tools/compiler/ti-cgt-arm_20.2.7.LTS/lib" -i"/home/mads/ti/ccs1260/ccs/tools/compiler/ti-cgt-arm_20.2.7.LTS/include" --reread_libs --diag_wrap=off --display_error_number --warn_sections --xml_link_info="Assignment1_linkInfo.xml" --rom_model -o "Assignment1.out" "./main.obj" "./tm4c123gh6pm_startup_ccs.obj" "../tm4c123gh6pm.cmd"  -llibc.a 
<Linking>
Finished building target: "Assignment1.out"
 

**** Build Finished ****

**** Build of configuration Debug for project Assignment1 ****

/home/mads/ti/ccs1260/ccs/utils/bin/gmake -k -j 20 all -O 
 
gmake[1]: 'Assignment1.out' is up to date.

**** Build Finished ****

**** Build of configuration Debug for project Assignment1 ****

/home/mads/ti/ccs1260/ccs/utils/bin/gmake -k -j 20 all -O 
 
gmake[1]: 'Assignment1.out' is up to date.

**** Build Finished ****

**** Build of configuration Debug for project Assignment1 ****

/home/mads/ti/ccs1260/ccs/utils/bin/gmake -k -j 20 all -O 
 
Building file: "../main.c"
Invoking: Arm Compiler
"/home/mads/ti/ccs1260/ccs/tools/compiler/ti-cgt-arm_20.2.7.LTS/bin/armcl" -mv7M4 --code_state=16 --float_support=FPv4SPD16 -me --include_path="/home/mads/Documents/4.semester/indlejretProgrammering/Assignment1" --include_path="/home/mads/ti/ccs1260/ccs/tools/compiler/ti-cgt-arm_20.2.7.LTS/include" --define=ccs="ccs" --define=PART_TM4C123GH6PM -g --gcc --diag_warning=225 --diag_wrap=off --display_error_number --abi=eabi --preproc_with_compile --preproc_dependency="main.d_raw"  "../main.c"
"../main.c", line 27: warning #112-D: statement is unreachable
"../main.c", line 9: warning #552-D: variable "dummy" was set but never used
Finished building: "../main.c"
 
Building target: "Assignment1.out"
Invoking: Arm Linker
"/home/mads/ti/ccs1260/ccs/tools/compiler/ti-cgt-arm_20.2.7.LTS/bin/armcl" -mv7M4 --code_state=16 --float_support=FPv4SPD16 -me --define=ccs="ccs" --define=PART_TM4C123GH6PM -g --gcc --diag_warning=225 --diag_wrap=off --display_error_number --abi=eabi -z -m"Assignment1.map" --heap_size=0 --stack_size=512 -i"/home/mads/ti/ccs1260/ccs/tools/compiler/ti-cgt-arm_20.2.7.LTS/lib" -i"/home/mads/ti/ccs1260/ccs/tools/compiler/ti-cgt-arm_20.2.7.LTS/include" --reread_libs --diag_wrap=off --display_error_number --warn_sections --xml_link_info="Assignment1_linkInfo.xml" --rom_model -o "Assignment1.out" "./main.obj" "./tm4c123gh6pm_startup_ccs.obj" "../tm4c123gh6pm.cmd"  -llibc.a 
<Linking>
Finished building target: "Assignment1.out"
 

**** Build Finished ****

**** Build of configuration Debug for project Assignment1 ****

/home/mads/ti/ccs1260/ccs/utils/bin/gmake -k -j 20 all -O 
 
gmake[1]: 'Assignment1.out' is up to date.

**** Build Finished ****

**** Build of configuration Debug for project Assignment1 ****

/home/mads/ti/ccs1260/ccs/utils/bin/gmake -k -j 20 all -O 
 
gmake[1]: 'Assignment1.out' is up to date.

**** Build Finished ****

**** Build of configuration Debug for project Assignment1 ****

/home/mads/ti/ccs1260/ccs/utils/bin/gmake -k -j 20 all -O 
 
gmake[1]: 'Assignment1.out' is up to date.

**** Build Finished ****

**** Build of configuration Debug for project Assignment1 ****

/home/mads/ti/ccs1260/ccs/utils/bin/gmake -k -j 20 all -O 
 
gmake[1]: 'Assignment1.out' is up to date.

**** Build Finished ****

**** Build of configuration Debug for project Assignment1 ****

/home/mads/ti/ccs1260/ccs/utils/bin/gmake -k -j 20 all -O 
 
gmake[1]: 'Assignment1.out' is up to date.

**** Build Finished ****

**** Build of configuration Debug for project Assignment1 ****

/home/mads/ti/ccs1260/ccs/utils/bin/gmake -k -j 20 all -O 
 
gmake[1]: 'Assignment1.out' is up to date.

**** Build Finished ****

**** Build of configuration Debug for project Assignment1 ****

/home/mads/ti/ccs1260/ccs/utils/bin/gmake -k -j 20 all -O 
 
Building file: "../main.c"
Invoking: Arm Compiler
"/home/mads/ti/ccs1260/ccs/tools/compiler/ti-cgt-arm_20.2.7.LTS/bin/armcl" -mv7M4 --code_state=16 --float_support=FPv4SPD16 -me --include_path="/home/mads/Documents/4.semester/indlejretProgrammering/Assignment1" --include_path="/home/mads/ti/ccs1260/ccs/tools/compiler/ti-cgt-arm_20.2.7.LTS/include" --define=ccs="ccs" --define=PART_TM4C123GH6PM -g --gcc --diag_warning=225 --diag_wrap=off --display_error_number --abi=eabi --preproc_with_compile --preproc_dependency="main.d_raw"  "../main.c"
"../main.c", line 27: warning #112-D: statement is unreachable
"../main.c", line 9: warning #552-D: variable "dummy" was set but never used
Finished building: "../main.c"
 
Building target: "Assignment1.out"
Invoking: Arm Linker
"/home/mads/ti/ccs1260/ccs/tools/compiler/ti-cgt-arm_20.2.7.LTS/bin/armcl" -mv7M4 --code_state=16 --float_support=FPv4SPD16 -me --define=ccs="ccs" --define=PART_TM4C123GH6PM -g --gcc --diag_warning=225 --diag_wrap=off --display_error_number --abi=eabi -z -m"Assignment1.map" --heap_size=0 --stack_size=512 -i"/home/mads/ti/ccs1260/ccs/tools/compiler/ti-cgt-arm_20.2.7.LTS/lib" -i"/home/mads/ti/ccs1260/ccs/tools/compiler/ti-cgt-arm_20.2.7.LTS/include" --reread_libs --diag_wrap=off --display_error_number --warn_sections --xml_link_info="Assignment1_linkInfo.xml" --rom_model -o "Assignment1.out" "./main.obj" "./tm4c123gh6pm_startup_ccs.obj" "../tm4c123gh6pm.cmd"  -llibc.a 
<Linking>
Finished building target: "Assignment1.out"
 

**** Build Finished ****

**** Build of configuration Debug for project Assignment1 ****

/home/mads/ti/ccs1260/ccs/utils/bin/gmake -k -j 20 all -O 
 
Building file: "../main.c"
Invoking: Arm Compiler
"/home/mads/ti/ccs1260/ccs/tools/compiler/ti-cgt-arm_20.2.7.LTS/bin/armcl" -mv7M4 --code_state=16 --float_support=FPv4SPD16 -me --include_path="/home/mads/Documents/4.semester/indlejretProgrammering/Assignment1" --include_path="/home/mads/ti/ccs1260/ccs/tools/compiler/ti-cgt-arm_20.2.7.LTS/include" --define=ccs="ccs" --define=PART_TM4C123GH6PM -g --gcc --diag_warning=225 --diag_wrap=off --display_error_number --abi=eabi --preproc_with_compile --preproc_dependency="main.d_raw"  "../main.c"
"../main.c", line 27: warning #112-D: statement is unreachable
"../main.c", line 9: warning #552-D: variable "dummy" was set but never used
Finished building: "../main.c"
 
Building target: "Assignment1.out"
Invoking: Arm Linker
"/home/mads/ti/ccs1260/ccs/tools/compiler/ti-cgt-arm_20.2.7.LTS/bin/armcl" -mv7M4 --code_state=16 --float_support=FPv4SPD16 -me --define=ccs="ccs" --define=PART_TM4C123GH6PM -g --gcc --diag_warning=225 --diag_wrap=off --display_error_number --abi=eabi -z -m"Assignment1.map" --heap_size=0 --stack_size=512 -i"/home/mads/ti/ccs1260/ccs/tools/compiler/ti-cgt-arm_20.2.7.LTS/lib" -i"/home/mads/ti/ccs1260/ccs/tools/compiler/ti-cgt-arm_20.2.7.LTS/include" --reread_libs --diag_wrap=off --display_error_number --warn_sections --xml_link_info="Assignment1_linkInfo.xml" --rom_model -o "Assignment1.out" "./main.obj" "./tm4c123gh6pm_startup_ccs.obj" "../tm4c123gh6pm.cmd"  -llibc.a 
<Linking>
Finished building target: "Assignment1.out"
 

**** Build Finished ****

**** Build of configuration Debug for project Assignment1 ****

/home/mads/ti/ccs1260/ccs/utils/bin/gmake -k -j 20 all -O 
 
Building file: "../main.c"
Invoking: Arm Compiler
"/home/mads/ti/ccs1260/ccs/tools/compiler/ti-cgt-arm_20.2.7.LTS/bin/armcl" -mv7M4 --code_state=16 --float_support=FPv4SPD16 -me --include_path="/home/mads/Documents/4.semester/indlejretProgrammering/Assignment1" --include_path="/home/mads/ti/ccs1260/ccs/tools/compiler/ti-cgt-arm_20.2.7.LTS/include" --define=ccs="ccs" --define=PART_TM4C123GH6PM -g --gcc --diag_warning=225 --diag_wrap=off --display_error_number --abi=eabi --preproc_with_compile --preproc_dependency="main.d_raw"  "../main.c"
"../main.c", line 27: warning #112-D: statement is unreachable
"../main.c", line 9: warning #552-D: variable "dummy" was set but never used
Finished building: "../main.c"
 
Building target: "Assignment1.out"
Invoking: Arm Linker
"/home/mads/ti/ccs1260/ccs/tools/compiler/ti-cgt-arm_20.2.7.LTS/bin/armcl" -mv7M4 --code_state=16 --float_support=FPv4SPD16 -me --define=ccs="ccs" --define=PART_TM4C123GH6PM -g --gcc --diag_warning=225 --diag_wrap=off --display_error_number --abi=eabi -z -m"Assignment1.map" --heap_size=0 --stack_size=512 -i"/home/mads/ti/ccs1260/ccs/tools/compiler/ti-cgt-arm_20.2.7.LTS/lib" -i"/home/mads/ti/ccs1260/ccs/tools/compiler/ti-cgt-arm_20.2.7.LTS/include" --reread_libs --diag_wrap=off --display_error_number --warn_sections --xml_link_info="Assignment1_linkInfo.xml" --rom_model -o "Assignment1.out" "./main.obj" "./tm4c123gh6pm_startup_ccs.obj" "../tm4c123gh6pm.cmd"  -llibc.a 
<Linking>
Finished building target: "Assignment1.out"
 

**** Build Finished ****

**** Build of configuration Debug for project Assignment1 ****

/home/mads/ti/ccs1260/ccs/utils/bin/gmake -k -j 20 all -O 
 
Building file: "../main.c"
Invoking: Arm Compiler
"/home/mads/ti/ccs1260/ccs/tools/compiler/ti-cgt-arm_20.2.7.LTS/bin/armcl" -mv7M4 --code_state=16 --float_support=FPv4SPD16 -me --include_path="/home/mads/Documents/4.semester/indlejretProgrammering/Assignment1" --include_path="/home/mads/ti/ccs1260/ccs/tools/compiler/ti-cgt-arm_20.2.7.LTS/include" --define=ccs="ccs" --define=PART_TM4C123GH6PM -g --gcc --diag_warning=225 --diag_wrap=off --display_error_number --abi=eabi --preproc_with_compile --preproc_dependency="main.d_raw"  "../main.c"
"../main.c", line 36: warning #112-D: statement is unreachable
"../main.c", line 9: warning #552-D: variable "dummy" was set but never used
Finished building: "../main.c"
 
Building target: "Assignment1.out"
Invoking: Arm Linker
"/home/mads/ti/ccs1260/ccs/tools/compiler/ti-cgt-arm_20.2.7.LTS/bin/armcl" -mv7M4 --code_state=16 --float_support=FPv4SPD16 -me --define=ccs="ccs" --define=PART_TM4C123GH6PM -g --gcc --diag_warning=225 --diag_wrap=off --display_error_number --abi=eabi -z -m"Assignment1.map" --heap_size=0 --stack_size=512 -i"/home/mads/ti/ccs1260/ccs/tools/compiler/ti-cgt-arm_20.2.7.LTS/lib" -i"/home/mads/ti/ccs1260/ccs/tools/compiler/ti-cgt-arm_20.2.7.LTS/include" --reread_libs --diag_wrap=off --display_error_number --warn_sections --xml_link_info="Assignment1_linkInfo.xml" --rom_model -o "Assignment1.out" "./main.obj" "./tm4c123gh6pm_startup_ccs.obj" "../tm4c123gh6pm.cmd"  -llibc.a 
<Linking>
Finished building target: "Assignment1.out"
 

**** Build Finished ****

**** Build of configuration Debug for project Assignment1 ****

/home/mads/ti/ccs1260/ccs/utils/bin/gmake -k -j 20 all -O 
 
Building file: "../main.c"
Invoking: Arm Compiler
"/home/mads/ti/ccs1260/ccs/tools/compiler/ti-cgt-arm_20.2.7.LTS/bin/armcl" -mv7M4 --code_state=16 --float_support=FPv4SPD16 -me --include_path="/home/mads/Documents/4.semester/indlejretProgrammering/Assignment1" --include_path="/home/mads/ti/ccs1260/ccs/tools/compiler/ti-cgt-arm_20.2.7.LTS/include" --define=ccs="ccs" --define=PART_TM4C123GH6PM -g --gcc --diag_warning=225 --diag_wrap=off --display_error_number --abi=eabi --preproc_with_compile --preproc_dependency="main.d_raw"  "../main.c"
"../main.c", line 36: warning #112-D: statement is unreachable
"../main.c", line 9: warning #552-D: variable "dummy" was set but never used
Finished building: "../main.c"
 
Building target: "Assignment1.out"
Invoking: Arm Linker
"/home/mads/ti/ccs1260/ccs/tools/compiler/ti-cgt-arm_20.2.7.LTS/bin/armcl" -mv7M4 --code_state=16 --float_support=FPv4SPD16 -me --define=ccs="ccs" --define=PART_TM4C123GH6PM -g --gcc --diag_warning=225 --diag_wrap=off --display_error_number --abi=eabi -z -m"Assignment1.map" --heap_size=0 --stack_size=512 -i"/home/mads/ti/ccs1260/ccs/tools/compiler/ti-cgt-arm_20.2.7.LTS/lib" -i"/home/mads/ti/ccs1260/ccs/tools/compiler/ti-cgt-arm_20.2.7.LTS/include" --reread_libs --diag_wrap=off --display_error_number --warn_sections --xml_link_info="Assignment1_linkInfo.xml" --rom_model -o "Assignment1.out" "./main.obj" "./tm4c123gh6pm_startup_ccs.obj" "../tm4c123gh6pm.cmd"  -llibc.a 
<Linking>
Finished building target: "Assignment1.out"
 

**** Build Finished ****

**** Build of configuration Debug for project Assignment1 ****

/home/mads/ti/ccs1260/ccs/utils/bin/gmake -k -j 20 all -O 
 
Building file: "../main.c"
Invoking: Arm Compiler
"/home/mads/ti/ccs1260/ccs/tools/compiler/ti-cgt-arm_20.2.7.LTS/bin/armcl" -mv7M4 --code_state=16 --float_support=FPv4SPD16 -me --include_path="/home/mads/Documents/4.semester/indlejretProgrammering/Assignment1" --include_path="/home/mads/ti/ccs1260/ccs/tools/compiler/ti-cgt-arm_20.2.7.LTS/include" --define=ccs="ccs" --define=PART_TM4C123GH6PM -g --gcc --diag_warning=225 --diag_wrap=off --display_error_number --abi=eabi --preproc_with_compile --preproc_dependency="main.d_raw"  "../main.c"
"../main.c", line 36: warning #112-D: statement is unreachable
"../main.c", line 9: warning #552-D: variable "dummy" was set but never used
Finished building: "../main.c"
 
Building target: "Assignment1.out"
Invoking: Arm Linker
"/home/mads/ti/ccs1260/ccs/tools/compiler/ti-cgt-arm_20.2.7.LTS/bin/armcl" -mv7M4 --code_state=16 --float_support=FPv4SPD16 -me --define=ccs="ccs" --define=PART_TM4C123GH6PM -g --gcc --diag_warning=225 --diag_wrap=off --display_error_number --abi=eabi -z -m"Assignment1.map" --heap_size=0 --stack_size=512 -i"/home/mads/ti/ccs1260/ccs/tools/compiler/ti-cgt-arm_20.2.7.LTS/lib" -i"/home/mads/ti/ccs1260/ccs/tools/compiler/ti-cgt-arm_20.2.7.LTS/include" --reread_libs --diag_wrap=off --display_error_number --warn_sections --xml_link_info="Assignment1_linkInfo.xml" --rom_model -o "Assignment1.out" "./main.obj" "./tm4c123gh6pm_startup_ccs.obj" "../tm4c123gh6pm.cmd"  -llibc.a 
<Linking>
Finished building target: "Assignment1.out"
 

**** Build Finished ****

**** Build of configuration Debug for project Assignment1 ****

/home/mads/ti/ccs1260/ccs/utils/bin/gmake -k -j 20 all -O 
 
Building file: "../main.c"
Invoking: Arm Compiler
"/home/mads/ti/ccs1260/ccs/tools/compiler/ti-cgt-arm_20.2.7.LTS/bin/armcl" -mv7M4 --code_state=16 --float_support=FPv4SPD16 -me --include_path="/home/mads/Documents/4.semester/indlejretProgrammering/Assignment1" --include_path="/home/mads/ti/ccs1260/ccs/tools/compiler/ti-cgt-arm_20.2.7.LTS/include" --define=ccs="ccs" --define=PART_TM4C123GH6PM -g --gcc --diag_warning=225 --diag_wrap=off --display_error_number --abi=eabi --preproc_with_compile --preproc_dependency="main.d_raw"  "../main.c"
"../main.c", line 36: warning #112-D: statement is unreachable
"../main.c", line 9: warning #552-D: variable "dummy" was set but never used
Finished building: "../main.c"
 
Building target: "Assignment1.out"
Invoking: Arm Linker
"/home/mads/ti/ccs1260/ccs/tools/compiler/ti-cgt-arm_20.2.7.LTS/bin/armcl" -mv7M4 --code_state=16 --float_support=FPv4SPD16 -me --define=ccs="ccs" --define=PART_TM4C123GH6PM -g --gcc --diag_warning=225 --diag_wrap=off --display_error_number --abi=eabi -z -m"Assignment1.map" --heap_size=0 --stack_size=512 -i"/home/mads/ti/ccs1260/ccs/tools/compiler/ti-cgt-arm_20.2.7.LTS/lib" -i"/home/mads/ti/ccs1260/ccs/tools/compiler/ti-cgt-arm_20.2.7.LTS/include" --reread_libs --diag_wrap=off --display_error_number --warn_sections --xml_link_info="Assignment1_linkInfo.xml" --rom_model -o "Assignment1.out" "./main.obj" "./tm4c123gh6pm_startup_ccs.obj" "../tm4c123gh6pm.cmd"  -llibc.a 
<Linking>
Finished building target: "Assignment1.out"
 

**** Build Finished ****

**** Build of configuration Debug for project Assignment1 ****

/home/mads/ti/ccs1260/ccs/utils/bin/gmake -k -j 20 all -O 
 
Building file: "../main.c"
Invoking: Arm Compiler
"/home/mads/ti/ccs1260/ccs/tools/compiler/ti-cgt-arm_20.2.7.LTS/bin/armcl" -mv7M4 --code_state=16 --float_support=FPv4SPD16 -me --include_path="/home/mads/Documents/4.semester/indlejretProgrammering/Assignment1" --include_path="/home/mads/ti/ccs1260/ccs/tools/compiler/ti-cgt-arm_20.2.7.LTS/include" --define=ccs="ccs" --define=PART_TM4C123GH6PM -g --gcc --diag_warning=225 --diag_wrap=off --display_error_number --abi=eabi --preproc_with_compile --preproc_dependency="main.d_raw"  "../main.c"
"../main.c", line 36: warning #112-D: statement is unreachable
"../main.c", line 9: warning #552-D: variable "dummy" was set but never used
Finished building: "../main.c"
 
Building target: "Assignment1.out"
Invoking: Arm Linker
"/home/mads/ti/ccs1260/ccs/tools/compiler/ti-cgt-arm_20.2.7.LTS/bin/armcl" -mv7M4 --code_state=16 --float_support=FPv4SPD16 -me --define=ccs="ccs" --define=PART_TM4C123GH6PM -g --gcc --diag_warning=225 --diag_wrap=off --display_error_number --abi=eabi -z -m"Assignment1.map" --heap_size=0 --stack_size=512 -i"/home/mads/ti/ccs1260/ccs/tools/compiler/ti-cgt-arm_20.2.7.LTS/lib" -i"/home/mads/ti/ccs1260/ccs/tools/compiler/ti-cgt-arm_20.2.7.LTS/include" --reread_libs --diag_wrap=off --display_error_number --warn_sections --xml_link_info="Assignment1_linkInfo.xml" --rom_model -o "Assignment1.out" "./main.obj" "./tm4c123gh6pm_startup_ccs.obj" "../tm4c123gh6pm.cmd"  -llibc.a 
<Linking>
Finished building target: "Assignment1.out"
 

**** Build Finished ****

**** Build of configuration Debug for project Assignment1 ****

/home/mads/ti/ccs1260/ccs/utils/bin/gmake -k -j 20 all -O 
 
Building file: "../main.c"
Invoking: Arm Compiler
"/home/mads/ti/ccs1260/ccs/tools/compiler/ti-cgt-arm_20.2.7.LTS/bin/armcl" -mv7M4 --code_state=16 --float_support=FPv4SPD16 -me --include_path="/home/mads/Documents/4.semester/indlejretProgrammering/Assignment1" --include_path="/home/mads/ti/ccs1260/ccs/tools/compiler/ti-cgt-arm_20.2.7.LTS/include" --define=ccs="ccs" --define=PART_TM4C123GH6PM -g --gcc --diag_warning=225 --diag_wrap=off --display_error_number --abi=eabi --preproc_with_compile --preproc_dependency="main.d_raw"  "../main.c"
"../main.c", line 36: warning #112-D: statement is unreachable
"../main.c", line 9: warning #552-D: variable "dummy" was set but never used
Finished building: "../main.c"
 
Building target: "Assignment1.out"
Invoking: Arm Linker
"/home/mads/ti/ccs1260/ccs/tools/compiler/ti-cgt-arm_20.2.7.LTS/bin/armcl" -mv7M4 --code_state=16 --float_support=FPv4SPD16 -me --define=ccs="ccs" --define=PART_TM4C123GH6PM -g --gcc --diag_warning=225 --diag_wrap=off --display_error_number --abi=eabi -z -m"Assignment1.map" --heap_size=0 --stack_size=512 -i"/home/mads/ti/ccs1260/ccs/tools/compiler/ti-cgt-arm_20.2.7.LTS/lib" -i"/home/mads/ti/ccs1260/ccs/tools/compiler/ti-cgt-arm_20.2.7.LTS/include" --reread_libs --diag_wrap=off --display_error_number --warn_sections --xml_link_info="Assignment1_linkInfo.xml" --rom_model -o "Assignment1.out" "./main.obj" "./tm4c123gh6pm_startup_ccs.obj" "../tm4c123gh6pm.cmd"  -llibc.a 
<Linking>
Finished building target: "Assignment1.out"
 

**** Build Finished ****
